Build started 11.11.2014 00:31:33.
     1>Project "C:\Users\Diana\Desktop\lab3_students\lab3\lab2\lab2.vcxproj" on node 2 (Build target(s)).
     1>ClCompile:
         C:\Program Files (x86)\Microsoft Visual Studio 12.0\VC\bin\CL.exe /c /Idependente /ZI /nologo /W3 /WX- /Od /Oy- /D _MBCS /Gm /EHsc /RTC1 /MDd /GS /fp:precise /Zc:wchar_t /Zc:forScope /Fo"Debug\\" /Fd"Debug\vc120.pdb" /Gd /TP /analyze- /errorReport:prompt Framework\DrawingWindow.cpp Framework\Transform2D.cpp Framework\Transform3D.cpp Framework\Visual2D.cpp main.cpp
         main.cpp
     1>c:\users\diana\desktop\lab3_students\lab3\lab2\framework\object2d.h(23): warning C4018: '<' : signed/unsigned mismatch
     1>c:\users\diana\desktop\lab3_students\lab3\lab2\framework\object3d.h(18): warning C4018: '<' : signed/unsigned mismatch
     1>c:\users\diana\desktop\lab3_students\lab3\lab2\framework\object3d.h(37): warning C4018: '<' : signed/unsigned mismatch
     1>c:\users\diana\desktop\lab3_students\lab3\lab2\framework\object3d.h(42): warning C4018: '<' : signed/unsigned mismatch
     1>c:\users\diana\desktop\lab3_students\lab3\lab2\framework\object3d.h(55): warning C4018: '<' : signed/unsigned mismatch
     1>c:\users\diana\desktop\lab3_students\lab3\lab2\framework\object3d.h(60): warning C4018: '<' : signed/unsigned mismatch
     1>c:\users\diana\desktop\lab3_students\lab3\lab2\framework\circle2d.h(24): warning C4244: '=' : conversion from 'double' to 'float', possible loss of data
     1>c:\users\diana\desktop\lab3_students\lab3\lab2\framework\circle2d.h(48): warning C4244: '=' : conversion from 'double' to 'float', possible loss of data
     1>c:\users\diana\desktop\lab3_students\lab3\lab2\main.cpp(139): warning C4305: '*=' : truncation from 'double' to 'float'
     1>c:\users\diana\desktop\lab3_students\lab3\lab2\main.cpp(140): warning C4305: '+=' : truncation from 'double' to 'float'
     1>c:\users\diana\desktop\lab3_students\lab3\lab2\main.cpp(145): warning C4305: '*=' : truncation from 'double' to 'float'
     1>c:\users\diana\desktop\lab3_students\lab3\lab2\main.cpp(146): warning C4305: '-=' : truncation from 'double' to 'float'
     1>c:\users\diana\desktop\lab3_students\lab3\lab2\main.cpp(151): warning C4305: '+=' : truncation from 'double' to 'float'
         Visual2D.cpp
     1>c:\users\diana\desktop\lab3_students\lab3\lab2\framework\object2d.h(23): warning C4018: '<' : signed/unsigned mismatch
     1>c:\users\diana\desktop\lab3_students\lab3\lab2\framework\object3d.h(18): warning C4018: '<' : signed/unsigned mismatch
     1>c:\users\diana\desktop\lab3_students\lab3\lab2\framework\object3d.h(37): warning C4018: '<' : signed/unsigned mismatch
     1>c:\users\diana\desktop\lab3_students\lab3\lab2\framework\object3d.h(42): warning C4018: '<' : signed/unsigned mismatch
     1>c:\users\diana\desktop\lab3_students\lab3\lab2\framework\object3d.h(55): warning C4018: '<' : signed/unsigned mismatch
     1>c:\users\diana\desktop\lab3_students\lab3\lab2\framework\object3d.h(60): warning C4018: '<' : signed/unsigned mismatch
     1>c:\users\diana\desktop\lab3_students\lab3\lab2\framework\visual2d.cpp(87): warning C4244: '=' : conversion from 'float' to 'int', possible loss of data
     1>c:\users\diana\desktop\lab3_students\lab3\lab2\framework\visual2d.cpp(88): warning C4244: '=' : conversion from 'float' to 'int', possible loss of data
     1>c:\users\diana\desktop\lab3_students\lab3\lab2\framework\visual2d.cpp(89): warning C4244: '=' : conversion from 'float' to 'int', possible loss of data
     1>c:\users\diana\desktop\lab3_students\lab3\lab2\framework\visual2d.cpp(90): warning C4244: '=' : conversion from 'float' to 'int', possible loss of data
         Transform3D.cpp
     1>c:\users\diana\desktop\lab3_students\lab3\lab2\framework\object3d.h(18): warning C4018: '<' : signed/unsigned mismatch
     1>c:\users\diana\desktop\lab3_students\lab3\lab2\framework\object3d.h(37): warning C4018: '<' : signed/unsigned mismatch
     1>c:\users\diana\desktop\lab3_students\lab3\lab2\framework\object3d.h(42): warning C4018: '<' : signed/unsigned mismatch
     1>c:\users\diana\desktop\lab3_students\lab3\lab2\framework\object3d.h(55): warning C4018: '<' : signed/unsigned mismatch
     1>c:\users\diana\desktop\lab3_students\lab3\lab2\framework\object3d.h(60): warning C4018: '<' : signed/unsigned mismatch
     1>c:\users\diana\desktop\lab3_students\lab3\lab2\framework\transform3d.cpp(310): warning C4018: '<' : signed/unsigned mismatch
         Transform2D.cpp
     1>c:\users\diana\desktop\lab3_students\lab3\lab2\framework\object2d.h(23): warning C4018: '<' : signed/unsigned mismatch
     1>c:\users\diana\desktop\lab3_students\lab3\lab2\framework\transform2d.cpp(144): warning C4018: '<' : signed/unsigned mismatch
     1>c:\users\diana\desktop\lab3_students\lab3\lab2\framework\transform2d.cpp(168): warning C4018: '<' : signed/unsigned mismatch
         DrawingWindow.cpp
     1>c:\users\diana\desktop\lab3_students\lab3\lab2\framework\object2d.h(23): warning C4018: '<' : signed/unsigned mismatch
     1>c:\users\diana\desktop\lab3_students\lab3\lab2\framework\object3d.h(18): warning C4018: '<' : signed/unsigned mismatch
     1>c:\users\diana\desktop\lab3_students\lab3\lab2\framework\object3d.h(37): warning C4018: '<' : signed/unsigned mismatch
     1>c:\users\diana\desktop\lab3_students\lab3\lab2\framework\object3d.h(42): warning C4018: '<' : signed/unsigned mismatch
     1>c:\users\diana\desktop\lab3_students\lab3\lab2\framework\object3d.h(55): warning C4018: '<' : signed/unsigned mismatch
     1>c:\users\diana\desktop\lab3_students\lab3\lab2\framework\object3d.h(60): warning C4018: '<' : signed/unsigned mismatch
     1>c:\users\diana\desktop\lab3_students\lab3\lab2\framework\drawingwindow.cpp(113): warning C4018: '<' : signed/unsigned mismatch
     1>c:\users\diana\desktop\lab3_students\lab3\lab2\framework\drawingwindow.cpp(119): warning C4018: '<' : signed/unsigned mismatch
     1>c:\users\diana\desktop\lab3_students\lab3\lab2\framework\drawingwindow.cpp(129): warning C4018: '<' : signed/unsigned mismatch
     1>c:\users\diana\desktop\lab3_students\lab3\lab2\framework\drawingwindow.cpp(139): warning C4018: '<' : signed/unsigned mismatch
     1>c:\users\diana\desktop\lab3_students\lab3\lab2\framework\drawingwindow.cpp(143): warning C4018: '<' : signed/unsigned mismatch
     1>c:\users\diana\desktop\lab3_students\lab3\lab2\framework\drawingwindow.cpp(208): warning C4018: '<' : signed/unsigned mismatch
     1>c:\users\diana\desktop\lab3_students\lab3\lab2\framework\drawingwindow.cpp(214): warning C4018: '<' : signed/unsigned mismatch
     1>c:\users\diana\desktop\lab3_students\lab3\lab2\framework\drawingwindow.cpp(224): warning C4018: '<' : signed/unsigned mismatch
     1>c:\users\diana\desktop\lab3_students\lab3\lab2\framework\drawingwindow.cpp(234): warning C4018: '<' : signed/unsigned mismatch
     1>c:\users\diana\desktop\lab3_students\lab3\lab2\framework\drawingwindow.cpp(238): warning C4018: '<' : signed/unsigned mismatch
     1>c:\users\diana\desktop\lab3_students\lab3\lab2\framework\drawingwindow.cpp(254): warning C4018: '<' : signed/unsigned mismatch
     1>c:\users\diana\desktop\lab3_students\lab3\lab2\framework\drawingwindow.cpp(460): warning C4018: '<' : signed/unsigned mismatch
     1>c:\users\diana\desktop\lab3_students\lab3\lab2\framework\drawingwindow.cpp(478): warning C4018: '<' : signed/unsigned mismatch
     1>c:\users\diana\desktop\lab3_students\lab3\lab2\framework\drawingwindow.cpp(494): warning C4018: '<' : signed/unsigned mismatch
     1>c:\users\diana\desktop\lab3_students\lab3\lab2\framework\drawingwindow.cpp(511): warning C4018: '<' : signed/unsigned mismatch
     1>c:\users\diana\desktop\lab3_students\lab3\lab2\framework\drawingwindow.cpp(528): warning C4018: '<' : signed/unsigned mismatch
     1>c:\users\diana\desktop\lab3_students\lab3\lab2\framework\drawingwindow.cpp(545): warning C4018: '<' : signed/unsigned mismatch
     1>c:\users\diana\desktop\lab3_students\lab3\lab2\framework\drawingwindow.cpp(563): warning C4018: '<' : signed/unsigned mismatch
         Generating Code...
       Link:
         C:\Program Files (x86)\Microsoft Visual Studio 12.0\VC\bin\link.exe /ERRORREPORT:PROMPT /OUT:"C:\Users\Diana\Desktop\lab3_students\lab3\Debug\lab2.exe" /INCREMENTAL /NOLOGO /LIBPATH:dependente freeglut.lib kernel32.lib user32.lib gdi32.lib winspool.lib comdlg32.lib advapi32.lib shell32.lib ole32.lib oleaut32.lib uuid.lib odbc32.lib odbccp32.lib /MANIFEST /MANIFESTUAC:"level='asInvoker' uiAccess='false'" /manifest:embed /DEBUG /PDB:"C:\Users\Diana\Desktop\lab3_students\lab3\Debug\lab2.pdb" /TLBID:1 /DYNAMICBASE /NXCOMPAT /IMPLIB:"C:\Users\Diana\Desktop\lab3_students\lab3\Debug\lab2.lib" /MACHINE:X86 Debug\DrawingWindow.obj
         Debug\Transform2D.obj
         Debug\Transform3D.obj
         Debug\Visual2D.obj
         Debug\main.obj
         lab2.vcxproj -> C:\Users\Diana\Desktop\lab3_students\lab3\Debug\lab2.exe
     1>Done Building Project "C:\Users\Diana\Desktop\lab3_students\lab3\lab2\lab2.vcxproj" (Build target(s)).

Build succeeded.

Time Elapsed 00:00:09.35
